<?xml version="1.0" encoding="UTF-8"?>
<!-- Generated by org.testng.reporters.JUnitReportReporter -->
<testsuite skipped="0" hostname="DESKTOP-V88TEJN" name="TestSuite.BajajAllianzProductid60020TestCases" tests="4" failures="0" timestamp="12 Dec 2020 22:47:06 GMT" time="209.886" errors="0">
  <testcase name="verifyBajajAllianzProduct60020" time="50.037" classname="TestSuite.BajajAllianzProductid60020TestCases"/>
  <testcase name="verifyBajajAllianzProduct60020" time="52.505" classname="TestSuite.BajajAllianzProductid60020TestCases"/>
  <testcase name="verifyBajajAllianzProduct60020" time="58.607" classname="TestSuite.BajajAllianzProductid60020TestCases"/>
  <testcase name="verifyBajajAllianzProduct60020" time="48.737" classname="TestSuite.BajajAllianzProductid60020TestCases"/>
</testsuite> <!-- TestSuite.BajajAllianzProductid60020TestCases -->
