<?xml version="1.0" encoding="UTF-8"?>
<!-- Generated by org.testng.reporters.JUnitReportReporter -->
<testsuite skipped="0" hostname="DESKTOP-V88TEJN" name="TestSuite.InsuranceHomePageVerifyTestCase" tests="1" failures="0" timestamp="12 Dec 2020 18:54:09 GMT" time="4.862" errors="0">
  <testcase name="verifyBajajAllianzProduct60020" time="4.862" classname="TestSuite.InsuranceHomePageVerifyTestCase"/>
</testsuite> <!-- TestSuite.InsuranceHomePageVerifyTestCase -->
