<?xml version="1.0" encoding="UTF-8"?>
<!-- Generated by org.testng.reporters.JUnitReportReporter -->
<testsuite skipped="0" hostname="DESKTOP-V88TEJN" name="TestSuite.temp" tests="4" failures="0" timestamp="12 Dec 2020 20:01:35 GMT" time="72.957" errors="0">
  <testcase name="verifyBajajAllianzProduct60020" time="19.304" classname="TestSuite.temp"/>
  <testcase name="verifyBajajAllianzProduct60020" time="16.884" classname="TestSuite.temp"/>
  <testcase name="verifyBajajAllianzProduct60020" time="18.815" classname="TestSuite.temp"/>
  <testcase name="verifyBajajAllianzProduct60020" time="17.954" classname="TestSuite.temp"/>
</testsuite> <!-- TestSuite.temp -->
