<?xml version="1.0" encoding="UTF-8"?>
<!-- Generated by org.testng.reporters.JUnitReportReporter -->
<testsuite skipped="0" hostname="DESKTOP-V88TEJN" name="RestAssured.GET.BroswerStackDemo" tests="1" failures="0" timestamp="11 May 2020 01:11:01 GMT" time="0.004" errors="0">
  <testcase name="print" time="0.004" classname="RestAssured.GET.BroswerStackDemo"/>
</testsuite> <!-- RestAssured.GET.BroswerStackDemo -->
