<?xml version="1.0" encoding="UTF-8"?>
<!-- Generated by org.testng.reporters.JUnitReportReporter -->
<testsuite hostname="DESKTOP-DFNGHSA" failures="0" tests="16" name="TestSuite.FutureGenerali_SP_LifeTimePartnerPlanTestCases" time="1005.775" errors="0" timestamp="15 Dec 2020 15:53:14 GMT" skipped="0">
  <testcase classname="TestSuite.FutureGenerali_SP_LifeTimePartnerPlanTestCases" name="VerifyFutureGeneraliLifeTimePartnerPlan21036" time="64.820"/>
  <testcase classname="TestSuite.FutureGenerali_SP_LifeTimePartnerPlanTestCases" name="VerifyFutureGeneraliLifeTimePartnerPlan21036" time="51.145"/>
  <testcase classname="TestSuite.FutureGenerali_SP_LifeTimePartnerPlanTestCases" name="VerifyFutureGeneraliLifeTimePartnerPlan21036" time="92.143"/>
  <testcase classname="TestSuite.FutureGenerali_SP_LifeTimePartnerPlanTestCases" name="VerifyFutureGeneraliLifeTimePartnerPlan21036" time="56.200"/>
  <testcase classname="TestSuite.FutureGenerali_SP_LifeTimePartnerPlanTestCases" name="VerifyFutureGeneraliLifeTimePartnerPlan21036" time="61.709"/>
  <testcase classname="TestSuite.FutureGenerali_SP_LifeTimePartnerPlanTestCases" name="VerifyFutureGeneraliLifeTimePartnerPlan21036" time="87.608"/>
  <testcase classname="TestSuite.FutureGenerali_SP_LifeTimePartnerPlanTestCases" name="VerifyFutureGeneraliLifeTimePartnerPlan21036" time="50.623"/>
  <testcase classname="TestSuite.FutureGenerali_SP_LifeTimePartnerPlanTestCases" name="VerifyFutureGeneraliLifeTimePartnerPlan21036" time="63.241"/>
  <testcase classname="TestSuite.FutureGenerali_SP_LifeTimePartnerPlanTestCases" name="VerifyFutureGeneraliLifeTimePartnerPlan21036" time="58.103"/>
  <testcase classname="TestSuite.FutureGenerali_SP_LifeTimePartnerPlanTestCases" name="VerifyFutureGeneraliLifeTimePartnerPlan21036" time="56.517"/>
  <testcase classname="TestSuite.FutureGenerali_SP_LifeTimePartnerPlanTestCases" name="VerifyFutureGeneraliLifeTimePartnerPlan21036" time="89.287"/>
  <testcase classname="TestSuite.FutureGenerali_SP_LifeTimePartnerPlanTestCases" name="VerifyFutureGeneraliLifeTimePartnerPlan21036" time="52.402"/>
  <testcase classname="TestSuite.FutureGenerali_SP_LifeTimePartnerPlanTestCases" name="VerifyFutureGeneraliLifeTimePartnerPlan21036" time="62.124"/>
  <testcase classname="TestSuite.FutureGenerali_SP_LifeTimePartnerPlanTestCases" name="VerifyFutureGeneraliLifeTimePartnerPlan21036" time="52.050"/>
  <testcase classname="TestSuite.FutureGenerali_SP_LifeTimePartnerPlanTestCases" name="VerifyFutureGeneraliLifeTimePartnerPlan21036" time="53.516"/>
  <testcase classname="TestSuite.FutureGenerali_SP_LifeTimePartnerPlanTestCases" name="VerifyFutureGeneraliLifeTimePartnerPlan21036" time="54.287"/>
</testsuite> <!-- TestSuite.FutureGenerali_SP_LifeTimePartnerPlanTestCases -->
