<?xml version="1.0" encoding="UTF-8"?>
<!-- Generated by org.testng.reporters.JUnitReportReporter -->
<testsuite hostname="DESKTOP-DFNGHSA" failures="0" tests="5" name="TestSuite.FutureGenerali_WP_HomePageTest" time="7.020" errors="0" timestamp="26 Dec 2020 11:02:23 GMT" skipped="0">
  <testcase classname="TestSuite.FutureGenerali_WP_HomePageTest" name="plan1" time="1.364"/>
  <testcase classname="TestSuite.FutureGenerali_WP_HomePageTest" name="plan2" time="1.362"/>
  <testcase classname="TestSuite.FutureGenerali_WP_HomePageTest" name="plan3" time="1.358"/>
  <testcase classname="TestSuite.FutureGenerali_WP_HomePageTest" name="plan4" time="1.507"/>
  <testcase classname="TestSuite.FutureGenerali_WP_HomePageTest" name="plan5" time="1.429"/>
</testsuite> <!-- TestSuite.FutureGenerali_WP_HomePageTest -->
