<?xml version="1.0" encoding="UTF-8"?>
<!-- Generated by org.testng.reporters.JUnitReportReporter -->
<testsuite skipped="0" hostname="DESKTOP-V88TEJN" name="RestAssured.GET.RestGetDemo" tests="1" failures="0" timestamp="2020-04-29T23:06:54 EDT" time="28.622" errors="0">
  <testcase name="print" time="28.622" classname="RestAssured.GET.RestGetDemo"/>
  <system-out/>
</testsuite> <!-- RestAssured.GET.RestGetDemo -->
