<?xml version="1.0" encoding="UTF-8"?>
<!-- Generated by org.testng.reporters.JUnitReportReporter -->
<testsuite skipped="0" hostname="DESKTOP-V88TEJN" name="TestSuite.TestCases" tests="2" failures="0" timestamp="11 May 2020 02:32:33 GMT" time="0.093" errors="0">
  <testcase name="verifyShopNameCategoryCount" time="0.077" classname="TestSuite.TestCases"/>
  <testcase name="checkPageNavigation" time="0.016" classname="TestSuite.TestCases"/>
</testsuite> <!-- TestSuite.TestCases -->
