<?xml version="1.0" encoding="UTF-8"?>
<!-- Generated by org.testng.reporters.JUnitReportReporter -->
<testsuite skipped="0" hostname="DESKTOP-V88TEJN" name="TestCases.Test1" tests="3" failures="0" timestamp="11 May 2020 02:10:12 GMT" time="0.144" errors="0">
  <testcase name="verifyShopNameCategoryCount" time="0.060" classname="TestCases.Test1"/>
  <testcase name="verifyNavigationBrand" time="0.064" classname="TestCases.Test1"/>
  <testcase name="checkPageNavigation" time="0.020" classname="TestCases.Test1"/>
</testsuite> <!-- TestCases.Test1 -->
