<?xml version="1.0" encoding="UTF-8"?>
<!-- Generated by org.testng.reporters.JUnitReportReporter -->
<testsuite hostname="DESKTOP-DFNGHSA" failures="0" tests="1" name="TestSuite.FutureGenerali_SP_AssuredWealthV02PlanTest" time="37.232" errors="0" timestamp="22 Feb 2021 04:37:01 GMT" skipped="0">
  <testcase classname="TestSuite.FutureGenerali_SP_AssuredWealthV02PlanTest" name="VerifyFutureGenerali_SP_AssuredWealthV02Plan21023" time="37.232"/>
</testsuite> <!-- TestSuite.FutureGenerali_SP_AssuredWealthV02PlanTest -->
