<?xml version="1.0" encoding="UTF-8"?>
<!-- Generated by org.testng.reporters.JUnitReportReporter -->
<testsuite hostname="DESKTOP-DFNGHSA" failures="0" tests="1" name="TestSuite.FutureGenerali_SP_AssuredIncomePlanTestCases" time="35.663" errors="0" timestamp="15 Dec 2020 10:31:27 GMT" skipped="0">
  <testcase classname="TestSuite.FutureGenerali_SP_AssuredIncomePlanTestCases" name="VerifyFutureGenerali_SP_AssuredIncomePlan21012" time="35.663"/>
</testsuite> <!-- TestSuite.FutureGenerali_SP_AssuredIncomePlanTestCases -->
