<?xml version="1.0" encoding="UTF-8"?>
<!-- Generated by org.testng.reporters.JUnitReportReporter -->
<testsuite skipped="0" hostname="DESKTOP-V88TEJN" name="TestSuite.ShopTestCases" tests="2" failures="0" timestamp="12 May 2020 00:37:02 GMT" time="0.260" errors="0">
  <testcase name="checkPageNavigation" time="0.166" classname="TestSuite.ShopTestCases"/>
  <testcase name="verifyShopNameCategoryCount" time="0.094" classname="TestSuite.ShopTestCases"/>
</testsuite> <!-- TestSuite.ShopTestCases -->
