<?xml version="1.0" encoding="UTF-8"?>
<!-- Generated by org.testng.reporters.JUnitReportReporter -->
<testsuite hostname="DESKTOP-DFNGHSA" failures="0" tests="2" name="TestSuite.FutureGenerali_SP_TripleAnandPlanTestCases" time="57.891" errors="0" timestamp="22 Feb 2021 06:08:37 GMT" skipped="0">
  <testcase classname="TestSuite.FutureGenerali_SP_TripleAnandPlanTestCases" name="VerifyFutureGenerali_SP_TripleAnandPlan21019" time="30.398"/>
  <testcase classname="TestSuite.FutureGenerali_SP_TripleAnandPlanTestCases" name="VerifyFutureGenerali_SP_TripleAnandPlan21019" time="27.493"/>
</testsuite> <!-- TestSuite.FutureGenerali_SP_TripleAnandPlanTestCases -->
