<?xml version="1.0" encoding="UTF-8"?>
<!-- Generated by org.testng.reporters.JUnitReportReporter -->
<testsuite hostname="DESKTOP-DFNGHSA" failures="0" tests="4" name="TestSuite.BajajAllianzProductid60020TestCases" time="213.624" errors="0" timestamp="24 Dec 2020 07:33:07 GMT" skipped="0">
  <testcase classname="TestSuite.BajajAllianzProductid60020TestCases" name="verifyBajajAllianzProduct60020" time="49.626"/>
  <testcase classname="TestSuite.BajajAllianzProductid60020TestCases" name="verifyBajajAllianzProduct60020" time="47.680"/>
  <testcase classname="TestSuite.BajajAllianzProductid60020TestCases" name="verifyBajajAllianzProduct60020" time="47.805"/>
  <testcase classname="TestSuite.BajajAllianzProductid60020TestCases" name="verifyBajajAllianzProduct60020" time="68.513"/>
</testsuite> <!-- TestSuite.BajajAllianzProductid60020TestCases -->
