<?xml version="1.0" encoding="UTF-8"?>
<!-- Generated by org.testng.reporters.JUnitReportReporter -->
<testsuite skipped="0" hostname="DESKTOP-V88TEJN" name="RestAssured.GET.BroswerStackDemo" tests="1" failures="0" timestamp="2020-05-10T13:17:14 EDT" time="0.010" errors="0">
  <testcase name="print" time="0.010" classname="RestAssured.GET.BroswerStackDemo"/>
  <system-out/>
</testsuite> <!-- RestAssured.GET.BroswerStackDemo -->
